	Command being timed: "STAR --runThreadN 8 --runMode alignReads --outFilterMultimapNmax 3 --outSAMunmapped Within KeepPairs --alignIntronMax 1000000 --alignMatesGapMax 1000000 --readFilesCommand zcat --readFilesIn /projects/bgmp/ikes/bioinfo/Bi623/QAA/trimcontrol/1_2A_forward_paired.fq.gz /projects/bgmp/ikes/bioinfo/Bi623/QAA/trimcontrol/1_2A_reverse_paired.fq.gz --genomeDir /projects/bgmp/ikes/bioinfo/Bi623/QAA/mouse_GRCm39_dna_ens110_STAR_2.7.10b --outFileNamePrefix ikes_1_2A_"
	User time (seconds): 444.99
	System time (seconds): 22.74
	Percent of CPU this job got: 552%
	Elapsed (wall clock) time (h:mm:ss or m:ss): 1:24.61
	Average shared text size (kbytes): 0
	Average unshared data size (kbytes): 0
	Average stack size (kbytes): 0
	Average total size (kbytes): 0
	Maximum resident set size (kbytes): 27389964
	Average resident set size (kbytes): 0
	Major (requiring I/O) page faults: 0
	Minor (reclaiming a frame) page faults: 16087295
	Voluntary context switches: 62762
	Involuntary context switches: 1778
	Swaps: 0
	File system inputs: 0
	File system outputs: 0
	Socket messages sent: 0
	Socket messages received: 0
	Signals delivered: 0
	Page size (bytes): 4096
	Exit status: 0
